  E1Q3.cpp
D:\!G.DRIVE.AVIEL\!אביאל\1 הנדסת תוכנה\שנה א סמסטר ב\150018 C++סדנא ב\Projects - c++סדנא ב\Exercise1\E1Q3\E1Q3.cpp(22,8): error C2086: 'float centerX': redefinition
D:\!G.DRIVE.AVIEL\!אביאל\1 הנדסת תוכנה\שנה א סמסטר ב\150018 C++סדנא ב\Projects - c++סדנא ב\Exercise1\E1Q3\E1Q3.cpp(10): message : see declaration of 'centerX'
D:\!G.DRIVE.AVIEL\!אביאל\1 הנדסת תוכנה\שנה א סמסטר ב\150018 C++סדנא ב\Projects - c++סדנא ב\Exercise1\E1Q3\E1Q3.cpp(22,17): error C2086: 'float centerY': redefinition
D:\!G.DRIVE.AVIEL\!אביאל\1 הנדסת תוכנה\שנה א סמסטר ב\150018 C++סדנא ב\Projects - c++סדנא ב\Exercise1\E1Q3\E1Q3.cpp(10): message : see declaration of 'centerY'
D:\!G.DRIVE.AVIEL\!אביאל\1 הנדסת תוכנה\שנה א סמסטר ב\150018 C++סדנא ב\Projects - c++סדנא ב\Exercise1\E1Q3\E1Q3.cpp(22,26): error C2086: 'float radius': redefinition
D:\!G.DRIVE.AVIEL\!אביאל\1 הנדסת תוכנה\שנה א סמסטר ב\150018 C++סדנא ב\Projects - c++סדנא ב\Exercise1\E1Q3\E1Q3.cpp(10): message : see declaration of 'radius'
D:\!G.DRIVE.AVIEL\!אביאל\1 הנדסת תוכנה\שנה א סמסטר ב\150018 C++סדנא ב\Projects - c++סדנא ב\Exercise1\E1Q3\E1Q3.cpp(28,4): error C2065: 'i': undeclared identifier
D:\!G.DRIVE.AVIEL\!אביאל\1 הנדסת תוכנה\שנה א סמסטר ב\150018 C++סדנא ב\Projects - c++סדנא ב\Exercise1\E1Q3\E1Q3.cpp(31,11): error C2065: 'i': undeclared identifier
D:\!G.DRIVE.AVIEL\!אביאל\1 הנדסת תוכנה\שנה א סמסטר ב\150018 C++סדנא ב\Projects - c++סדנא ב\Exercise1\E1Q3\E1Q3.cpp(29,4): error C2044: illegal continue
D:\!G.DRIVE.AVIEL\!אביאל\1 הנדסת תוכנה\שנה א סמסטר ב\150018 C++סדנא ב\Projects - c++סדנא ב\Exercise1\E1Q3\E1Q3.cpp(33,7): error C2143: syntax error: missing ';' before '<<'
D:\!G.DRIVE.AVIEL\!אביאל\1 הנדסת תוכנה\שנה א סמסטר ב\150018 C++סדנא ב\Projects - c++סדנא ב\Exercise1\E1Q3\E1Q3.cpp(33,7): error C4430: missing type specifier - int assumed. Note: C++ does not support default-int
D:\!G.DRIVE.AVIEL\!אביאל\1 הנדסת תוכנה\שנה א סמסטר ב\150018 C++סדנא ב\Projects - c++סדנא ב\Exercise1\E1Q3\E1Q3.cpp(34,2): error C2059: syntax error: 'for'
D:\!G.DRIVE.AVIEL\!אביאל\1 הנדסת תוכנה\שנה א סמסטר ב\150018 C++סדנא ב\Projects - c++סדנא ב\Exercise1\E1Q3\E1Q3.cpp(34,19): error C2143: syntax error: missing ')' before ';'
D:\!G.DRIVE.AVIEL\!אביאל\1 הנדסת תוכנה\שנה א סמסטר ב\150018 C++סדנא ב\Projects - c++סדנא ב\Exercise1\E1Q3\E1Q3.cpp(34,23): error C2143: syntax error: missing ';' before '<'
D:\!G.DRIVE.AVIEL\!אביאל\1 הנדסת תוכנה\שנה א סמסטר ב\150018 C++סדנא ב\Projects - c++סדנא ב\Exercise1\E1Q3\E1Q3.cpp(34,23): error C4430: missing type specifier - int assumed. Note: C++ does not support default-int
D:\!G.DRIVE.AVIEL\!אביאל\1 הנדסת תוכנה\שנה א סמסטר ב\150018 C++סדנא ב\Projects - c++סדנא ב\Exercise1\E1Q3\E1Q3.cpp(34,31): error C2143: syntax error: missing ';' before '++'
D:\!G.DRIVE.AVIEL\!אביאל\1 הנדסת תוכנה\שנה א סמסטר ב\150018 C++סדנא ב\Projects - c++סדנא ב\Exercise1\E1Q3\E1Q3.cpp(34,31): error C4430: missing type specifier - int assumed. Note: C++ does not support default-int
D:\!G.DRIVE.AVIEL\!אביאל\1 הנדסת תוכנה\שנה א סמסטר ב\150018 C++סדנא ב\Projects - c++סדנא ב\Exercise1\E1Q3\E1Q3.cpp(34,30): error C2086: 'int i': redefinition
D:\!G.DRIVE.AVIEL\!אביאל\1 הנדסת תוכנה\שנה א סמסטר ב\150018 C++סדנא ב\Projects - c++סדנא ב\Exercise1\E1Q3\E1Q3.cpp(34): message : see declaration of 'i'
D:\!G.DRIVE.AVIEL\!אביאל\1 הנדסת תוכנה\שנה א סמסטר ב\150018 C++סדנא ב\Projects - c++סדנא ב\Exercise1\E1Q3\E1Q3.cpp(34,33): error C2059: syntax error: ')'
D:\!G.DRIVE.AVIEL\!אביאל\1 הנדסת תוכנה\שנה א סמסטר ב\150018 C++סדנא ב\Projects - c++סדנא ב\Exercise1\E1Q3\E1Q3.cpp(34,35): error C2143: syntax error: missing ';' before '{'
D:\!G.DRIVE.AVIEL\!אביאל\1 הנדסת תוכנה\שנה א סמסטר ב\150018 C++סדנא ב\Projects - c++סדנא ב\Exercise1\E1Q3\E1Q3.cpp(34,35): error C2447: '{': missing function header (old-style formal list?)
D:\!G.DRIVE.AVIEL\!אביאל\1 הנדסת תוכנה\שנה א סמסטר ב\150018 C++סדנא ב\Projects - c++סדנא ב\Exercise1\E1Q3\E1Q3.cpp(37,7): error C2143: syntax error: missing ';' before '<<'
D:\!G.DRIVE.AVIEL\!אביאל\1 הנדסת תוכנה\שנה א סמסטר ב\150018 C++סדנא ב\Projects - c++סדנא ב\Exercise1\E1Q3\E1Q3.cpp(37,7): error C4430: missing type specifier - int assumed. Note: C++ does not support default-int
D:\!G.DRIVE.AVIEL\!אביאל\1 הנדסת תוכנה\שנה א סמסטר ב\150018 C++סדנא ב\Projects - c++סדנא ב\Exercise1\E1Q3\E1Q3.cpp(37,2): error C2086: 'int cout': redefinition
D:\!G.DRIVE.AVIEL\!אביאל\1 הנדסת תוכנה\שנה א סמסטר ב\150018 C++סדנא ב\Projects - c++סדנא ב\Exercise1\E1Q3\E1Q3.cpp(33): message : see declaration of 'cout'
D:\!G.DRIVE.AVIEL\!אביאל\1 הנדסת תוכנה\שנה א סמסטר ב\150018 C++סדנא ב\Projects - c++סדנא ב\Exercise1\E1Q3\E1Q3.cpp(38,2): error C2059: syntax error: 'for'
D:\!G.DRIVE.AVIEL\!אביאל\1 הנדסת תוכנה\שנה א סמסטר ב\150018 C++סדנא ב\Projects - c++סדנא ב\Exercise1\E1Q3\E1Q3.cpp(38,19): error C2143: syntax error: missing ')' before ';'
D:\!G.DRIVE.AVIEL\!אביאל\1 הנדסת תוכנה\שנה א סמסטר ב\150018 C++סדנא ב\Projects - c++סדנא ב\Exercise1\E1Q3\E1Q3.cpp(38,23): error C2143: syntax error: missing ';' before '<'
D:\!G.DRIVE.AVIEL\!אביאל\1 הנדסת תוכנה\שנה א סמסטר ב\150018 C++סדנא ב\Projects - c++סדנא ב\Exercise1\E1Q3\E1Q3.cpp(38,23): error C4430: missing type specifier - int assumed. Note: C++ does not support default-int
D:\!G.DRIVE.AVIEL\!אביאל\1 הנדסת תוכנה\שנה א סמסטר ב\150018 C++סדנא ב\Projects - c++סדנא ב\Exercise1\E1Q3\E1Q3.cpp(38,21): error C2086: 'int i': redefinition
D:\!G.DRIVE.AVIEL\!אביאל\1 הנדסת תוכנה\שנה א סמסטר ב\150018 C++סדנא ב\Projects - c++סדנא ב\Exercise1\E1Q3\E1Q3.cpp(34): message : see declaration of 'i'
D:\!G.DRIVE.AVIEL\!אביאל\1 הנדסת תוכנה\שנה א סמסטר ב\150018 C++סדנא ב\Projects - c++סדנא ב\Exercise1\E1Q3\E1Q3.cpp(38,31): error C2143: syntax error: missing ';' before '++'
D:\!G.DRIVE.AVIEL\!אביאל\1 הנדסת תוכנה\שנה א סמסטר ב\150018 C++סדנא ב\Projects - c++סדנא ב\Exercise1\E1Q3\E1Q3.cpp(38,31): error C4430: missing type specifier - int assumed. Note: C++ does not support default-int
D:\!G.DRIVE.AVIEL\!אביאל\1 הנדסת תוכנה\שנה א סמסטר ב\150018 C++סדנא ב\Projects - c++סדנא ב\Exercise1\E1Q3\E1Q3.cpp(38,30): error C2086: 'int i': redefinition
D:\!G.DRIVE.AVIEL\!אביאל\1 הנדסת תוכנה\שנה א סמסטר ב\150018 C++סדנא ב\Projects - c++סדנא ב\Exercise1\E1Q3\E1Q3.cpp(34): message : see declaration of 'i'
D:\!G.DRIVE.AVIEL\!אביאל\1 הנדסת תוכנה\שנה א סמסטר ב\150018 C++סדנא ב\Projects - c++סדנא ב\Exercise1\E1Q3\E1Q3.cpp(38,33): error C2059: syntax error: ')'
D:\!G.DRIVE.AVIEL\!אביאל\1 הנדסת תוכנה\שנה א סמסטר ב\150018 C++סדנא ב\Projects - c++סדנא ב\Exercise1\E1Q3\E1Q3.cpp(38,35): error C2143: syntax error: missing ';' before '{'
D:\!G.DRIVE.AVIEL\!אביאל\1 הנדסת תוכנה\שנה א סמסטר ב\150018 C++סדנא ב\Projects - c++סדנא ב\Exercise1\E1Q3\E1Q3.cpp(38,35): error C2447: '{': missing function header (old-style formal list?)
D:\!G.DRIVE.AVIEL\!אביאל\1 הנדסת תוכנה\שנה א סמסטר ב\150018 C++סדנא ב\Projects - c++סדנא ב\Exercise1\E1Q3\E1Q3.cpp(41,7): error C2143: syntax error: missing ';' before '<<'
D:\!G.DRIVE.AVIEL\!אביאל\1 הנדסת תוכנה\שנה א סמסטר ב\150018 C++סדנא ב\Projects - c++סדנא ב\Exercise1\E1Q3\E1Q3.cpp(41,7): error C4430: missing type specifier - int assumed. Note: C++ does not support default-int
D:\!G.DRIVE.AVIEL\!אביאל\1 הנדסת תוכנה\שנה א סמסטר ב\150018 C++סדנא ב\Projects - c++סדנא ב\Exercise1\E1Q3\E1Q3.cpp(41,2): error C2086: 'int cout': redefinition
D:\!G.DRIVE.AVIEL\!אביאל\1 הנדסת תוכנה\שנה א סמסטר ב\150018 C++סדנא ב\Projects - c++סדנא ב\Exercise1\E1Q3\E1Q3.cpp(33): message : see declaration of 'cout'
D:\!G.DRIVE.AVIEL\!אביאל\1 הנדסת תוכנה\שנה א סמסטר ב\150018 C++סדנא ב\Projects - c++סדנא ב\Exercise1\E1Q3\E1Q3.cpp(43,2): error C2059: syntax error: 'for'
D:\!G.DRIVE.AVIEL\!אביאל\1 הנדסת תוכנה\שנה א סמסטר ב\150018 C++סדנא ב\Projects - c++סדנא ב\Exercise1\E1Q3\E1Q3.cpp(43,16): error C2143: syntax error: missing ')' before ';'
D:\!G.DRIVE.AVIEL\!אביאל\1 הנדסת תוכנה\שנה א סמסטר ב\150018 C++סדנא ב\Projects - c++סדנא ב\Exercise1\E1Q3\E1Q3.cpp(43,20): error C2143: syntax error: missing ';' before '<'
D:\!G.DRIVE.AVIEL\!אביאל\1 הנדסת תוכנה\שנה א סמסטר ב\150018 C++סדנא ב\Projects - c++סדנא ב\Exercise1\E1Q3\E1Q3.cpp(43,20): error C4430: missing type specifier - int assumed. Note: C++ does not support default-int
D:\!G.DRIVE.AVIEL\!אביאל\1 הנדסת תוכנה\שנה א סמסטר ב\150018 C++סדנא ב\Projects - c++סדנא ב\Exercise1\E1Q3\E1Q3.cpp(43,18): error C2086: 'int i': redefinition
D:\!G.DRIVE.AVIEL\!אביאל\1 הנדסת תוכנה\שנה א סמסטר ב\150018 C++סדנא ב\Projects - c++סדנא ב\Exercise1\E1Q3\E1Q3.cpp(34): message : see declaration of 'i'
D:\!G.DRIVE.AVIEL\!אביאל\1 הנדסת תוכנה\שנה א סמסטר ב\150018 C++סדנא ב\Projects - c++סדנא ב\Exercise1\E1Q3\E1Q3.cpp(43,26): error C2143: syntax error: missing ';' before '++'
D:\!G.DRIVE.AVIEL\!אביאל\1 הנדסת תוכנה\שנה א סמסטר ב\150018 C++סדנא ב\Projects - c++סדנא ב\Exercise1\E1Q3\E1Q3.cpp(43,26): error C4430: missing type specifier - int assumed. Note: C++ does not support default-int
D:\!G.DRIVE.AVIEL\!אביאל\1 הנדסת תוכנה\שנה א סמסטר ב\150018 C++סדנא ב\Projects - c++סדנא ב\Exercise1\E1Q3\E1Q3.cpp(43,25): error C2086: 'int i': redefinition
D:\!G.DRIVE.AVIEL\!אביאל\1 הנדסת תוכנה\שנה א סמסטר ב\150018 C++סדנא ב\Projects - c++סדנא ב\Exercise1\E1Q3\E1Q3.cpp(34): message : see declaration of 'i'
D:\!G.DRIVE.AVIEL\!אביאל\1 הנדסת תוכנה\שנה א סמסטר ב\150018 C++סדנא ב\Projects - c++סדנא ב\Exercise1\E1Q3\E1Q3.cpp(43,28): error C2059: syntax error: ')'
D:\!G.DRIVE.AVIEL\!אביאל\1 הנדסת תוכנה\שנה א סמסטר ב\150018 C++סדנא ב\Projects - c++סדנא ב\Exercise1\E1Q3\E1Q3.cpp(45,6): error C2143: syntax error: missing ';' before '>>'
D:\!G.DRIVE.AVIEL\!אביאל\1 הנדסת תוכנה\שנה א סמסטר ב\150018 C++סדנא ב\Projects - c++סדנא ב\Exercise1\E1Q3\E1Q3.cpp(45,6): error C4430: missing type specifier - int assumed. Note: C++ does not support default-int
D:\!G.DRIVE.AVIEL\!אביאל\1 הנדסת תוכנה\שנה א סמסטר ב\150018 C++סדנא ב\Projects - c++סדנא ב\Exercise1\E1Q3\E1Q3.cpp(46,2): error C2059: syntax error: 'do'
D:\!G.DRIVE.AVIEL\!אביאל\1 הנדסת תוכנה\שנה א סמסטר ב\150018 C++סדנא ב\Projects - c++סדנא ב\Exercise1\E1Q3\E1Q3.cpp(46,5): error C2143: syntax error: missing ';' before '{'
D:\!G.DRIVE.AVIEL\!אביאל\1 הנדסת תוכנה\שנה א סמסטר ב\150018 C++סדנא ב\Projects - c++סדנא ב\Exercise1\E1Q3\E1Q3.cpp(46,5): error C2447: '{': missing function header (old-style formal list?)
D:\!G.DRIVE.AVIEL\!אביאל\1 הנדסת תוכנה\שנה א סמסטר ב\150018 C++סדנא ב\Projects - c++סדנא ב\Exercise1\E1Q3\E1Q3.cpp(52,4): error C2059: syntax error: 'while'
D:\!G.DRIVE.AVIEL\!אביאל\1 הנדסת תוכנה\שנה א סמסטר ב\150018 C++סדנא ב\Projects - c++סדנא ב\Exercise1\E1Q3\E1Q3.cpp(53,7): error C2143: syntax error: missing ';' before '<<'
D:\!G.DRIVE.AVIEL\!אביאל\1 הנדסת תוכנה\שנה א סמסטר ב\150018 C++סדנא ב\Projects - c++סדנא ב\Exercise1\E1Q3\E1Q3.cpp(53,7): error C4430: missing type specifier - int assumed. Note: C++ does not support default-int
D:\!G.DRIVE.AVIEL\!אביאל\1 הנדסת תוכנה\שנה א סמסטר ב\150018 C++סדנא ב\Projects - c++סדנא ב\Exercise1\E1Q3\E1Q3.cpp(53,2): error C2086: 'int cout': redefinition
D:\!G.DRIVE.AVIEL\!אביאל\1 הנדסת תוכנה\שנה א סמסטר ב\150018 C++סדנא ב\Projects - c++סדנא ב\Exercise1\E1Q3\E1Q3.cpp(33): message : see declaration of 'cout'
D:\!G.DRIVE.AVIEL\!אביאל\1 הנדסת תוכנה\שנה א סמסטר ב\150018 C++סדנא ב\Projects - c++סדנא ב\Exercise1\E1Q3\E1Q3.cpp(54,2): error C2059: syntax error: 'for'
D:\!G.DRIVE.AVIEL\!אביאל\1 הנדסת תוכנה\שנה א סמסטר ב\150018 C++סדנא ב\Projects - c++סדנא ב\Exercise1\E1Q3\E1Q3.cpp(54,19): error C2143: syntax error: missing ')' before ';'
D:\!G.DRIVE.AVIEL\!אביאל\1 הנדסת תוכנה\שנה א סמסטר ב\150018 C++סדנא ב\Projects - c++סדנא ב\Exercise1\E1Q3\E1Q3.cpp(54,23): error C2143: syntax error: missing ';' before '<'
D:\!G.DRIVE.AVIEL\!אביאל\1 הנדסת תוכנה\שנה א סמסטר ב\150018 C++סדנא ב\Projects - c++סדנא ב\Exercise1\E1Q3\E1Q3.cpp(54,23): error C4430: missing type specifier - int assumed. Note: C++ does not support default-int
D:\!G.DRIVE.AVIEL\!אביאל\1 הנדסת תוכנה\שנה א סמסטר ב\150018 C++סדנא ב\Projects - c++סדנא ב\Exercise1\E1Q3\E1Q3.cpp(54,21): error C2086: 'int i': redefinition
D:\!G.DRIVE.AVIEL\!אביאל\1 הנדסת תוכנה\שנה א סמסטר ב\150018 C++סדנא ב\Projects - c++סדנא ב\Exercise1\E1Q3\E1Q3.cpp(34): message : see declaration of 'i'
D:\!G.DRIVE.AVIEL\!אביאל\1 הנדסת תוכנה\שנה א סמסטר ב\150018 C++סדנא ב\Projects - c++סדנא ב\Exercise1\E1Q3\E1Q3.cpp(54,31): error C2143: syntax error: missing ';' before '++'
D:\!G.DRIVE.AVIEL\!אביאל\1 הנדסת תוכנה\שנה א סמסטר ב\150018 C++סדנא ב\Projects - c++סדנא ב\Exercise1\E1Q3\E1Q3.cpp(54,31): error C4430: missing type specifier - int assumed. Note: C++ does not support default-int
D:\!G.DRIVE.AVIEL\!אביאל\1 הנדסת תוכנה\שנה א סמסטר ב\150018 C++סדנא ב\Projects - c++סדנא ב\Exercise1\E1Q3\E1Q3.cpp(54,30): error C2086: 'int i': redefinition
D:\!G.DRIVE.AVIEL\!אביאל\1 הנדסת תוכנה\שנה א סמסטר ב\150018 C++סדנא ב\Projects - c++סדנא ב\Exercise1\E1Q3\E1Q3.cpp(34): message : see declaration of 'i'
D:\!G.DRIVE.AVIEL\!אביאל\1 הנדסת תוכנה\שנה א סמסטר ב\150018 C++סדנא ב\Projects - c++סדנא ב\Exercise1\E1Q3\E1Q3.cpp(54,33): error C2059: syntax error: ')'
D:\!G.DRIVE.AVIEL\!אביאל\1 הנדסת תוכנה\שנה א סמסטר ב\150018 C++סדנא ב\Projects - c++סדנא ב\Exercise1\E1Q3\E1Q3.cpp(54,35): error C2143: syntax error: missing ';' before '{'
D:\!G.DRIVE.AVIEL\!אביאל\1 הנדסת תוכנה\שנה א סמסטר ב\150018 C++סדנא ב\Projects - c++סדנא ב\Exercise1\E1Q3\E1Q3.cpp(54,35): error C2447: '{': missing function header (old-style formal list?)
D:\!G.DRIVE.AVIEL\!אביאל\1 הנדסת תוכנה\שנה א סמסטר ב\150018 C++סדנא ב\Projects - c++סדנא ב\Exercise1\E1Q3\E1Q3.cpp(57,1): error C2059: syntax error: '}'
D:\!G.DRIVE.AVIEL\!אביאל\1 הנדסת תוכנה\שנה א סמסטר ב\150018 C++סדנא ב\Projects - c++סדנא ב\Exercise1\E1Q3\E1Q3.cpp(57,1): error C2143: syntax error: missing ';' before '}'
